<?xml version="1.0" encoding="UTF-8"?>
<testsuite xmlns:xsi="http://www.w3.org/2001/XMLSchema-instance" xsi:noNamespaceSchemaLocation="https://maven.apache.org/surefire/maven-surefire-plugin/xsd/surefire-test-report-3.0.xsd" version="3.0" name="com.example.atSpring.controller.AlunoControllerTest" time="4.026" tests="2" errors="0" skipped="0" failures="0">
  <properties>
[...]
</properties>
  <testcase name="testAddAluno" classname="com.example.atSpring.controller.AlunoControllerTest" time="0.66">
    <system-out><![CDATA[2024-06-15T15:16:51.167-03:00  INFO 20620 --- [atSpring] [           main] t.c.s.AnnotationConfigContextLoaderUtils : Could not detect default configuration classes for test class [com.example.atSpring.controller.AlunoControllerTest]: AlunoControllerTest does not declare any static, non-private, non-final, nested classes annotated with @Configuration.
2024-06-15T15:16:51.225-03:00  INFO 20620 --- [atSpring] [           main] .b.t.c.SpringBootTestContextBootstrapper : Found @SpringBootConfiguration com.example.atSpring.AtSpringApplication for test class com.example.atSpring.controller.AlunoControllerTest
  .   ____          _            __ _ _
 /\\ / ___'_ __ _ _(_)_ __  __ _ \ \ \ \
( ( )\___ | '_ | '_| | '_ \/ _` | \ \ \ \
 \\/  ___)| |_)| | | | | || (_| |  ) ) ) )
  '  |____| .__|_| |_|_| |_\__, | / / / /
 =========|_|==============|___/=/_/_/_/

 :: Spring Boot ::                (v3.3.0)

2024-06-15T15:16:51.279-03:00  INFO 20620 --- [atSpring] [           main] c.e.a.controller.AlunoControllerTest     : Starting AlunoControllerTest using Java 17.0.10 with PID 20620 (started by mateu in C:\Users\mateu\OneDrive\Desktop\PROJETOS JAVA\atSpring)
2024-06-15T15:16:51.279-03:00  INFO 20620 --- [atSpring] [           main] c.e.a.controller.AlunoControllerTest     : No active profile set, falling back to 1 default profile: "default"
2024-06-15T15:16:51.649-03:00  INFO 20620 --- [atSpring] [           main] .s.d.r.c.RepositoryConfigurationDelegate : Bootstrapping Spring Data JPA repositories in DEFAULT mode.
2024-06-15T15:16:51.672-03:00  INFO 20620 --- [atSpring] [           main] .s.d.r.c.RepositoryConfigurationDelegate : Finished Spring Data repository scanning in 23 ms. Found 4 JPA repository interfaces.
2024-06-15T15:16:52.184-03:00  INFO 20620 --- [atSpring] [           main] com.zaxxer.hikari.HikariDataSource       : HikariPool-2 - Starting...
2024-06-15T15:16:52.186-03:00  INFO 20620 --- [atSpring] [           main] com.zaxxer.hikari.pool.HikariPool        : HikariPool-2 - Added connection conn10: url=jdbc:h2:mem:testdb user=ADMIN
2024-06-15T15:16:52.187-03:00  INFO 20620 --- [atSpring] [           main] com.zaxxer.hikari.HikariDataSource       : HikariPool-2 - Start completed.
2024-06-15T15:16:52.194-03:00  INFO 20620 --- [atSpring] [           main] o.hibernate.jpa.internal.util.LogHelper  : HHH000204: Processing PersistenceUnitInfo [name: default]
2024-06-15T15:16:52.213-03:00  INFO 20620 --- [atSpring] [           main] o.h.c.internal.RegionFactoryInitiator    : HHH000026: Second-level cache disabled
2024-06-15T15:16:52.263-03:00  INFO 20620 --- [atSpring] [           main] o.s.o.j.p.SpringPersistenceUnitInfo      : No LoadTimeWeaver setup: ignoring JPA class transformer
2024-06-15T15:16:52.266-03:00  WARN 20620 --- [atSpring] [           main] org.hibernate.orm.deprecation            : HHH90000025: H2Dialect does not need to be specified explicitly using 'hibernate.dialect' (remove the property setting and it will be selected by default)
2024-06-15T15:16:52.718-03:00  INFO 20620 --- [atSpring] [           main] o.h.e.t.j.p.i.JtaPlatformInitiator       : HHH000489: No JTA platform available (set 'hibernate.transaction.jta.platform' to enable JTA platform integration)
2024-06-15T15:16:52.752-03:00  INFO 20620 --- [atSpring] [           main] j.LocalContainerEntityManagerFactoryBean : Initialized JPA EntityManagerFactory for persistence unit 'default'
2024-06-15T15:16:53.033-03:00  WARN 20620 --- [atSpring] [           main] JpaBaseConfiguration$JpaWebConfiguration : spring.jpa.open-in-view is enabled by default. Therefore, database queries may be performed during view rendering. Explicitly configure spring.jpa.open-in-view to disable this warning
2024-06-15T15:16:53.063-03:00  WARN 20620 --- [atSpring] [           main] o.s.security.core.userdetails.User       : User.withDefaultPasswordEncoder() is considered unsafe for production and is only intended for sample applications.
2024-06-15T15:16:53.361-03:00  INFO 20620 --- [atSpring] [           main] r$InitializeUserDetailsManagerConfigurer : Global AuthenticationManager configured with UserDetailsService bean with name userDetailsService
2024-06-15T15:16:53.555-03:00  INFO 20620 --- [atSpring] [           main] o.s.s.web.DefaultSecurityFilterChain     : Will secure any request with [org.springframework.security.web.session.DisableEncodeUrlFilter@198c97d0, org.springframework.security.web.context.request.async.WebAsyncManagerIntegrationFilter@25e9f5e6, org.springframework.security.web.context.SecurityContextHolderFilter@d6d88b1, org.springframework.security.web.header.HeaderWriterFilter@59ffb0af, org.springframework.web.filter.CorsFilter@512319dc, org.springframework.web.filter.CharacterEncodingFilter@6bc45472, org.springframework.security.web.authentication.logout.LogoutFilter@47858d7c, org.springframework.security.web.authentication.UsernamePasswordAuthenticationFilter@72090a80, org.springframework.security.web.authentication.ui.DefaultLoginPageGeneratingFilter@7197b96c, org.springframework.security.web.authentication.ui.DefaultLogoutPageGeneratingFilter@160b7ccd, org.springframework.security.web.savedrequest.RequestCacheAwareFilter@1268ac94, org.springframework.security.web.servletapi.SecurityContextHolderAwareRequestFilter@55c901b2, org.springframework.security.web.authentication.AnonymousAuthenticationFilter@7c27ed2f, org.springframework.security.web.access.ExceptionTranslationFilter@1d2b49b2, org.springframework.security.web.access.intercept.AuthorizationFilter@16cc5e51]
2024-06-15T15:16:54.231-03:00  INFO 20620 --- [atSpring] [           main] o.s.b.a.h2.H2ConsoleAutoConfiguration    : H2 console available at '/h2-console'. Database available at 'jdbc:h2:mem:testdb'
2024-06-15T15:16:54.420-03:00  INFO 20620 --- [atSpring] [           main] o.s.b.t.m.w.SpringBootMockServletContext : Initializing Spring TestDispatcherServlet ''
2024-06-15T15:16:54.420-03:00  INFO 20620 --- [atSpring] [           main] o.s.t.web.servlet.TestDispatcherServlet  : Initializing Servlet ''
2024-06-15T15:16:54.424-03:00  INFO 20620 --- [atSpring] [           main] o.s.t.web.servlet.TestDispatcherServlet  : Completed initialization in 4 ms
2024-06-15T15:16:54.456-03:00  INFO 20620 --- [atSpring] [           main] c.e.a.controller.AlunoControllerTest     : Started AlunoControllerTest in 3.22 seconds (process running for 12.199)
2024-06-15T15:16:54.731-03:00 DEBUG 20620 --- [atSpring] [           main] w.c.HttpSessionSecurityContextRepository : Created HttpSession as SecurityContext is non-default
2024-06-15T15:16:54.732-03:00 DEBUG 20620 --- [atSpring] [           main] w.c.HttpSessionSecurityContextRepository : Stored SecurityContextImpl [Authentication=UsernamePasswordAuthenticationToken [Principal=org.springframework.security.core.userdetails.User [Username=user, Password=[PROTECTED], Enabled=true, AccountNonExpired=true, CredentialsNonExpired=true, AccountNonLocked=true, Granted Authorities=[ROLE_USER]], Credentials=[PROTECTED], Authenticated=true, Details=null, Granted Authorities=[ROLE_USER]]] to HttpSession [org.springframework.mock.web.MockHttpSession@5a85f41b]
2024-06-15T15:16:54.775-03:00 DEBUG 20620 --- [atSpring] [           main] o.s.security.web.FilterChainProxy        : Securing POST /alunos
2024-06-15T15:16:54.794-03:00 DEBUG 20620 --- [atSpring] [           main] o.s.security.web.FilterChainProxy        : Secured POST /alunos
2024-06-15T15:16:55.067-03:00 DEBUG 20620 --- [atSpring] [           main] w.c.HttpSessionSecurityContextRepository : Retrieved SecurityContextImpl [Authentication=UsernamePasswordAuthenticationToken [Principal=org.springframework.security.core.userdetails.User [Username=user, Password=[PROTECTED], Enabled=true, AccountNonExpired=true, CredentialsNonExpired=true, AccountNonLocked=true, Granted Authorities=[ROLE_USER]], Credentials=[PROTECTED], Authenticated=true, Details=null, Granted Authorities=[ROLE_USER]]]
]]></system-out>
  </testcase>
  <testcase name="testGetAllAlunos" classname="com.example.atSpring.controller.AlunoControllerTest" time="0.043">
    <system-out><![CDATA[2024-06-15T15:16:55.167-03:00 DEBUG 20620 --- [atSpring] [           main] w.c.HttpSessionSecurityContextRepository : Created HttpSession as SecurityContext is non-default
2024-06-15T15:16:55.167-03:00 DEBUG 20620 --- [atSpring] [           main] w.c.HttpSessionSecurityContextRepository : Stored SecurityContextImpl [Authentication=UsernamePasswordAuthenticationToken [Principal=org.springframework.security.core.userdetails.User [Username=user, Password=[PROTECTED], Enabled=true, AccountNonExpired=true, CredentialsNonExpired=true, AccountNonLocked=true, Granted Authorities=[ROLE_USER]], Credentials=[PROTECTED], Authenticated=true, Details=null, Granted Authorities=[ROLE_USER]]] to HttpSession [org.springframework.mock.web.MockHttpSession@26a5007]
2024-06-15T15:16:55.168-03:00 DEBUG 20620 --- [atSpring] [           main] o.s.security.web.FilterChainProxy        : Securing GET /alunos
2024-06-15T15:16:55.169-03:00 DEBUG 20620 --- [atSpring] [           main] o.s.security.web.FilterChainProxy        : Secured GET /alunos
2024-06-15T15:16:55.176-03:00 DEBUG 20620 --- [atSpring] [           main] w.c.HttpSessionSecurityContextRepository : Retrieved SecurityContextImpl [Authentication=UsernamePasswordAuthenticationToken [Principal=org.springframework.security.core.userdetails.User [Username=user, Password=[PROTECTED], Enabled=true, AccountNonExpired=true, CredentialsNonExpired=true, AccountNonLocked=true, Granted Authorities=[ROLE_USER]], Credentials=[PROTECTED], Authenticated=true, Details=null, Granted Authorities=[ROLE_USER]]]
]]></system-out>
  </testcase>
</testsuite>